<?xml version="1.0" encoding="UTF-8"?>
<testsuite xmlns:xsi="http://www.w3.org/2001/XMLSchema-instance" xsi:noNamespaceSchemaLocation="https://maven.apache.org/surefire/maven-surefire-plugin/xsd/surefire-test-report-3.0.xsd" version="3.0" name="TestSuite" time="370.434" tests="11" errors="0" skipped="0" failures="0">
  <properties>
[...]
</properties>
  <testcase name="Dashboardtesting" classname="Test.EvmTesting" time="16.244">
    <system-out><![CDATA[--------DashBoardtesting Completed---------
]]></system-out>
    <system-err><![CDATA[SLF4J: No SLF4J providers were found.
SLF4J: Defaulting to no-operation (NOP) logger implementation
SLF4J: See https://www.slf4j.org/codes.html#noProviders for further details.
Nov 22, 2024 1:23:49 PM org.openqa.selenium.devtools.CdpVersionFinder findNearestMatch
WARNING: Unable to find CDP implementation matching 131
Nov 22, 2024 1:23:49 PM org.openqa.selenium.chromium.ChromiumDriver lambda$new$5
WARNING: Unable to find version of CDP to use for 131.0.6778.70. You may need to include a dependency on a specific version of the CDP using something similar to `org.seleniumhq.selenium:selenium-devtools-v86:4.21.0` where the version ("v86") matches the version of the chromium-based browser you're using and the version number of the artifact is the same as Selenium's.
]]></system-err>
  </testcase>
  <testcase name="Blocktesting" classname="Test.EvmTesting" time="15.552">
    <system-out><![CDATA[---------Blocktesting Completed---------
]]></system-out>
  </testcase>
  <testcase name="Transactiontesting" classname="Test.EvmTesting" time="15.62">
    <system-out><![CDATA[---------Transactiontesting Completed---------
]]></system-out>
  </testcase>
  <testcase name="FaucetTesting" classname="Test.EvmTesting" time="26.386">
    <system-out><![CDATA[--------EVM Faucet Testing Complete------------
]]></system-out>
  </testcase>
  <testcase name="SearchTesting" classname="Test.EvmTesting" time="39.589"/>
  <testcase name="UtxoSwitching" classname="Test.UtxoTesting" time="10.476">
    <system-out><![CDATA[Clicked on Dropdown button
Switched to UTXO Chain
]]></system-out>
  </testcase>
  <testcase name="UtxoDashboardTesting" classname="Test.UtxoTesting" time="35.857">
    <system-out><![CDATA[Utxo Dashboard Testing complete
]]></system-out>
  </testcase>
  <testcase name="UtxoBlockTesting" classname="Test.UtxoTesting" time="29.138"/>
  <testcase name="UtxoTransactiontesting" classname="Test.UtxoTesting" time="31.169">
    <system-out><![CDATA[Switched to Transaction Page
Clicked on first txn hash on listing
Navigated to last page of Block Listing
Switched to block listing page.
]]></system-out>
  </testcase>
  <testcase name="UtxoFaucetTesting" classname="Test.UtxoTesting" time="5.216">
    <system-out><![CDATA[Switched to Faucet Page
]]></system-out>
  </testcase>
  <testcase name="UtxoSearchBarTesting" classname="Test.UtxoTesting" time="36.122">
    <system-out><![CDATA[Utxo Search Testing Completed
]]></system-out>
  </testcase>
</testsuite>