<?xml version="1.0" encoding="UTF-8"?>
<testng-results ignored="0" total="11" passed="11" failed="0" skipped="0">
  <reporter-output>
  </reporter-output>
  <suite started-at="2024-11-22T13:23:46 IST" name="All Test Suite" finished-at="2024-11-22T13:29:55 IST" duration-ms="369485">
    <groups>
    </groups>
    <test started-at="2024-11-22T13:23:46 IST" name="C:/Users/user/IdeaProjects/BlockDAG-Automation/src/test/java/Test" finished-at="2024-11-22T13:29:55 IST" duration-ms="369485">
      <class name="Test.UtxoTesting">
        <test-method is-config="true" signature="UtxoTesting()[pri:0, instance:Test.UtxoTesting@2a798d51]" started-at="2024-11-22T13:26:37 IST" name="UtxoTesting" finished-at="2024-11-22T13:26:45 IST" duration-ms="8334" status="PASS">
          <reporter-output>
          </reporter-output>
        </test-method> <!-- UtxoTesting -->
        <test-method signature="UtxoSwitching()[pri:1, instance:Test.UtxoTesting@2a798d51]" started-at="2024-11-22T13:26:45 IST" name="UtxoSwitching" finished-at="2024-11-22T13:26:56 IST" duration-ms="10476" status="PASS">
          <reporter-output>
          </reporter-output>
        </test-method> <!-- UtxoSwitching -->
        <test-method is-config="true" signature="UtxoTesting()[pri:0, instance:Test.UtxoTesting@2a798d51]" started-at="2024-11-22T13:26:56 IST" name="UtxoTesting" finished-at="2024-11-22T13:27:04 IST" duration-ms="8598" status="PASS">
          <reporter-output>
          </reporter-output>
        </test-method> <!-- UtxoTesting -->
        <test-method signature="UtxoDashboardTesting()[pri:2, instance:Test.UtxoTesting@2a798d51]" started-at="2024-11-22T13:27:04 IST" name="UtxoDashboardTesting" finished-at="2024-11-22T13:27:40 IST" duration-ms="35854" status="PASS">
          <reporter-output>
          </reporter-output>
        </test-method> <!-- UtxoDashboardTesting -->
        <test-method is-config="true" signature="UtxoTesting()[pri:0, instance:Test.UtxoTesting@2a798d51]" started-at="2024-11-22T13:27:40 IST" name="UtxoTesting" finished-at="2024-11-22T13:27:48 IST" duration-ms="8393" status="PASS">
          <reporter-output>
          </reporter-output>
        </test-method> <!-- UtxoTesting -->
        <test-method signature="UtxoBlockTesting()[pri:3, instance:Test.UtxoTesting@2a798d51]" started-at="2024-11-22T13:27:48 IST" name="UtxoBlockTesting" finished-at="2024-11-22T13:28:18 IST" duration-ms="29134" status="PASS">
          <reporter-output>
          </reporter-output>
        </test-method> <!-- UtxoBlockTesting -->
        <test-method is-config="true" signature="UtxoTesting()[pri:0, instance:Test.UtxoTesting@2a798d51]" started-at="2024-11-22T13:28:18 IST" name="UtxoTesting" finished-at="2024-11-22T13:28:26 IST" duration-ms="8428" status="PASS">
          <reporter-output>
          </reporter-output>
        </test-method> <!-- UtxoTesting -->
        <test-method signature="UtxoTransactiontesting()[pri:4, instance:Test.UtxoTesting@2a798d51]" started-at="2024-11-22T13:28:26 IST" name="UtxoTransactiontesting" finished-at="2024-11-22T13:28:57 IST" duration-ms="31171" status="PASS">
          <reporter-output>
          </reporter-output>
        </test-method> <!-- UtxoTransactiontesting -->
        <test-method is-config="true" signature="UtxoTesting()[pri:0, instance:Test.UtxoTesting@2a798d51]" started-at="2024-11-22T13:28:57 IST" name="UtxoTesting" finished-at="2024-11-22T13:29:06 IST" duration-ms="8350" status="PASS">
          <reporter-output>
          </reporter-output>
        </test-method> <!-- UtxoTesting -->
        <test-method signature="UtxoFaucetTesting()[pri:5, instance:Test.UtxoTesting@2a798d51]" started-at="2024-11-22T13:29:06 IST" name="UtxoFaucetTesting" finished-at="2024-11-22T13:29:11 IST" duration-ms="5211" status="PASS">
          <reporter-output>
          </reporter-output>
        </test-method> <!-- UtxoFaucetTesting -->
        <test-method is-config="true" signature="UtxoTesting()[pri:0, instance:Test.UtxoTesting@2a798d51]" started-at="2024-11-22T13:29:11 IST" name="UtxoTesting" finished-at="2024-11-22T13:29:19 IST" duration-ms="8409" status="PASS">
          <reporter-output>
          </reporter-output>
        </test-method> <!-- UtxoTesting -->
        <test-method signature="UtxoSearchBarTesting()[pri:6, instance:Test.UtxoTesting@2a798d51]" started-at="2024-11-22T13:29:19 IST" name="UtxoSearchBarTesting" finished-at="2024-11-22T13:29:55 IST" duration-ms="36123" status="PASS">
          <reporter-output>
          </reporter-output>
        </test-method> <!-- UtxoSearchBarTesting -->
      </class> <!-- Test.UtxoTesting -->
      <class name="Test.EvmTesting">
        <test-method is-config="true" signature="EvmTesting()[pri:0, instance:Test.EvmTesting@479d31f3]" started-at="2024-11-22T13:23:46 IST" name="EvmTesting" finished-at="2024-11-22T13:24:02 IST" duration-ms="15919" status="PASS">
          <reporter-output>
          </reporter-output>
        </test-method> <!-- EvmTesting -->
        <test-method signature="Dashboardtesting()[pri:1, instance:Test.EvmTesting@479d31f3]" started-at="2024-11-22T13:24:02 IST" name="Dashboardtesting" finished-at="2024-11-22T13:24:18 IST" duration-ms="16231" status="PASS">
          <reporter-output>
          </reporter-output>
        </test-method> <!-- Dashboardtesting -->
        <test-method is-config="true" signature="EvmTesting()[pri:0, instance:Test.EvmTesting@479d31f3]" started-at="2024-11-22T13:24:18 IST" name="EvmTesting" finished-at="2024-11-22T13:24:28 IST" duration-ms="10464" status="PASS">
          <reporter-output>
          </reporter-output>
        </test-method> <!-- EvmTesting -->
        <test-method signature="Blocktesting()[pri:2, instance:Test.EvmTesting@479d31f3]" started-at="2024-11-22T13:24:28 IST" name="Blocktesting" finished-at="2024-11-22T13:24:44 IST" duration-ms="15552" status="PASS">
          <reporter-output>
          </reporter-output>
        </test-method> <!-- Blocktesting -->
        <test-method is-config="true" signature="EvmTesting()[pri:0, instance:Test.EvmTesting@479d31f3]" started-at="2024-11-22T13:24:44 IST" name="EvmTesting" finished-at="2024-11-22T13:24:54 IST" duration-ms="10373" status="PASS">
          <reporter-output>
          </reporter-output>
        </test-method> <!-- EvmTesting -->
        <test-method signature="Transactiontesting()[pri:3, instance:Test.EvmTesting@479d31f3]" started-at="2024-11-22T13:24:54 IST" name="Transactiontesting" finished-at="2024-11-22T13:25:10 IST" duration-ms="15618" status="PASS">
          <reporter-output>
          </reporter-output>
        </test-method> <!-- Transactiontesting -->
        <test-method is-config="true" signature="EvmTesting()[pri:0, instance:Test.EvmTesting@479d31f3]" started-at="2024-11-22T13:25:10 IST" name="EvmTesting" finished-at="2024-11-22T13:25:20 IST" duration-ms="10364" status="PASS">
          <reporter-output>
          </reporter-output>
        </test-method> <!-- EvmTesting -->
        <test-method signature="FaucetTesting()[pri:4, instance:Test.EvmTesting@479d31f3]" started-at="2024-11-22T13:25:20 IST" name="FaucetTesting" finished-at="2024-11-22T13:25:47 IST" duration-ms="26384" status="PASS">
          <reporter-output>
          </reporter-output>
        </test-method> <!-- FaucetTesting -->
        <test-method is-config="true" signature="EvmTesting()[pri:0, instance:Test.EvmTesting@479d31f3]" started-at="2024-11-22T13:25:47 IST" name="EvmTesting" finished-at="2024-11-22T13:25:57 IST" duration-ms="10413" status="PASS">
          <reporter-output>
          </reporter-output>
        </test-method> <!-- EvmTesting -->
        <test-method signature="SearchTesting()[pri:5, instance:Test.EvmTesting@479d31f3]" started-at="2024-11-22T13:25:57 IST" name="SearchTesting" finished-at="2024-11-22T13:26:37 IST" duration-ms="39587" status="PASS">
          <reporter-output>
          </reporter-output>
        </test-method> <!-- SearchTesting -->
      </class> <!-- Test.EvmTesting -->
    </test> <!-- C:/Users/user/IdeaProjects/BlockDAG-Automation/src/test/java/Test -->
  </suite> <!-- All Test Suite -->
</testng-results>
